Change Component Designator: Old Designator=D3 New Designator=D?
Change Component Designator: Old Designator=N1 New Designator=N?
Change Component Designator: Old Designator=N2 New Designator=N?
Change Component Designator: Old Designator=N3 New Designator=N?
Change Component Designator: Old Designator=N4 New Designator=N?
Change Component Designator: Old Designator=N5 New Designator=N?
Change Component Designator: Old Designator=N6 New Designator=N?
Change Component Designator: Old Designator=N7 New Designator=N?
Change Component Designator: Old Designator=N8 New Designator=N?
Change Component Designator: Old Designator=N9 New Designator=N?
Change Component Designator: Old Designator=N10 New Designator=N?
Change Component Designator: Old Designator=N11 New Designator=N?
Change Component Designator: Old Designator=N12 New Designator=N?
Change Component Designator: Old Designator=N13 New Designator=N?
Change Component Designator: Old Designator=N14 New Designator=N?
Change Component Designator: Old Designator=N15 New Designator=N?
Change Component Designator: Old Designator=N16 New Designator=N?
Change Component Designator: Old Designator=N17 New Designator=N?
Change Component Designator: Old Designator=N18 New Designator=N?
Change Component Designator: Old Designator=N19 New Designator=N?
Change Component Designator: Old Designator=N20 New Designator=N?
Change Component Designator: Old Designator=N21 New Designator=N?
Change Component Designator: Old Designator=N22 New Designator=N?
Change Component Designator: Old Designator=N23 New Designator=N?
Change Component Designator: Old Designator=N24 New Designator=N?
Change Component Designator: Old Designator=N25 New Designator=N?
Change Component Designator: Old Designator=N26 New Designator=N?
Change Component Designator: Old Designator=N27 New Designator=N?
Change Component Designator: Old Designator=N28 New Designator=N?
Change Component Designator: Old Designator=N29 New Designator=N?
Change Component Designator: Old Designator=N30 New Designator=N?
Change Component Designator: Old Designator=N31 New Designator=N?
Change Component Designator: Old Designator=N32 New Designator=N?
Change Component Designator: Old Designator=N33 New Designator=N?
Change Component Designator: Old Designator=N34 New Designator=N?
Change Component Designator: Old Designator=N35 New Designator=N?
Change Component Designator: Old Designator=N36 New Designator=N?
Change Component Designator: Old Designator=N37 New Designator=N?
Change Component Designator: Old Designator=N38 New Designator=N?
Change Component Designator: Old Designator=N39 New Designator=N?
Change Component Designator: Old Designator=N40 New Designator=N?
Change Component Designator: Old Designator=N41 New Designator=N?
Change Component Designator: Old Designator=N42 New Designator=N?
Change Component Designator: Old Designator=N43 New Designator=N?
Change Component Designator: Old Designator=N44 New Designator=N?
Change Component Designator: Old Designator=N45 New Designator=N?
Change Component Designator: Old Designator=N46 New Designator=N?
Change Component Designator: Old Designator=N47 New Designator=N?
Change Component Designator: Old Designator=N48 New Designator=N?
Change Component Designator: Old Designator=N49 New Designator=N?
Change Component Designator: Old Designator=N50 New Designator=N?
Change Component Designator: Old Designator=N51 New Designator=N?
Change Component Designator: Old Designator=N52 New Designator=N?
Change Component Designator: Old Designator=N53 New Designator=N?
Change Component Designator: Old Designator=N54 New Designator=N?
Change Component Designator: Old Designator=N55 New Designator=N?
Change Component Designator: Old Designator=N56 New Designator=N?
Change Component Designator: Old Designator=N57 New Designator=N?
Change Component Designator: Old Designator=N58 New Designator=N?
Change Component Designator: Old Designator=N59 New Designator=N?
Change Component Designator: Old Designator=N60 New Designator=N?
Change Component Designator: Old Designator=N61 New Designator=N?
Change Component Designator: Old Designator=N62 New Designator=N?
Change Component Designator: Old Designator=N63 New Designator=N?
Change Component Designator: Old Designator=N64 New Designator=N?
Change Component Designator: Old Designator=N65 New Designator=N?
Change Component Designator: Old Designator=N66 New Designator=N?
Change Component Designator: Old Designator=N67 New Designator=N?
Change Component Designator: Old Designator=N68 New Designator=N?
Change Component Designator: Old Designator=N69 New Designator=N?
Change Component Designator: Old Designator=N70 New Designator=N?
Change Component Designator: Old Designator=N71 New Designator=N?
Change Component Designator: Old Designator=N72 New Designator=N?
Change Component Designator: Old Designator=N73 New Designator=N?
Change Component Designator: Old Designator=N74 New Designator=N?
Change Component Designator: Old Designator=N75 New Designator=N?
Change Component Designator: Old Designator=N76 New Designator=N?
Change Component Designator: Old Designator=N77 New Designator=N?
Change Component Designator: Old Designator=N78 New Designator=N?
Change Component Designator: Old Designator=N79 New Designator=N?
Change Component Designator: Old Designator=N80 New Designator=N?
Change Component Designator: Old Designator=N81 New Designator=N?
Change Component Designator: Old Designator=N82 New Designator=N?
Change Component Designator: Old Designator=R30 New Designator=R?
Change Component Designator: Old Designator=R31 New Designator=R?
Change Component Designator: Old Designator=R32 New Designator=R?
Change Component Designator: Old Designator=R33 New Designator=R?
Change Component Designator: Old Designator=R34 New Designator=R?
Change Component Designator: Old Designator=R35 New Designator=R?
Change Component Designator: Old Designator=VD5 New Designator=VD?
Change Component Designator: Old Designator=X164 New Designator=X?
Change Component Designator: Old Designator=X165 New Designator=X?
Change Component Designator: Old Designator=X166 New Designator=X?
Change Component Designator: Old Designator=X167 New Designator=X?
Change Component Designator: Old Designator=X168 New Designator=X?
Change Component Designator: Old Designator=X169 New Designator=X?
Change Component Designator: Old Designator=X170 New Designator=X?
Change Component Designator: Old Designator=X171 New Designator=X?
Change Component Designator: Old Designator=X172 New Designator=X?
Change Component Designator: Old Designator=X173 New Designator=X?
Change Component Designator: Old Designator=X174 New Designator=X?
Change Component Designator: Old Designator=X175 New Designator=X?
Change Component Designator: Old Designator=X176 New Designator=X?
Change Component Designator: Old Designator=X177 New Designator=X?
Change Component Designator: Old Designator=X178 New Designator=X?
Change Component Designator: Old Designator=X179 New Designator=X?
Change Component Designator: Old Designator=X180 New Designator=X?
Change Component Designator: Old Designator=X181 New Designator=X?
Change Component Designator: Old Designator=X182 New Designator=X?
Change Component Designator: Old Designator=X183 New Designator=X?
Change Component Designator: Old Designator=X184 New Designator=X?
Change Component Designator: Old Designator=X185 New Designator=X?
Change Component Designator: Old Designator=X186 New Designator=X?
Change Component Designator: Old Designator=X187 New Designator=X?
Change Component Designator: Old Designator=X188 New Designator=X?
Change Component Designator: Old Designator=X189 New Designator=X?
Change Component Designator: Old Designator=X190 New Designator=X?
Change Component Designator: Old Designator=X191 New Designator=X?
Change Component Designator: Old Designator=X192 New Designator=X?
Change Component Designator: Old Designator=X193 New Designator=X?
Change Component Designator: Old Designator=X194 New Designator=X?
Change Component Designator: Old Designator=X195 New Designator=X?
Change Component Designator: Old Designator=X196 New Designator=X?
Change Component Designator: Old Designator=X197 New Designator=X?
Change Component Designator: Old Designator=X198 New Designator=X?
Change Component Designator: Old Designator=X199 New Designator=X?
Change Component Designator: Old Designator=X200 New Designator=X?
Change Component Designator: Old Designator=X201 New Designator=X?
Change Component Designator: Old Designator=X202 New Designator=X?
Change Component Designator: Old Designator=X203 New Designator=X?
Change Component Designator: Old Designator=X204 New Designator=X?
Change Component Designator: Old Designator=X205 New Designator=X?
Change Component Designator: Old Designator=X206 New Designator=X?
Change Component Designator: Old Designator=X207 New Designator=X?
Change Component Designator: Old Designator=X208 New Designator=X?
Change Component Designator: Old Designator=X209 New Designator=X?
Change Component Designator: Old Designator=X210 New Designator=X?
Change Component Designator: Old Designator=X211 New Designator=X?
Change Component Designator: Old Designator=X212 New Designator=X?
Change Component Designator: Old Designator=X213 New Designator=X?
Change Component Designator: Old Designator=X214 New Designator=X?
Change Component Designator: Old Designator=X215 New Designator=X?
Change Component Designator: Old Designator=X216 New Designator=X?
Change Component Designator: Old Designator=X217 New Designator=X?
Change Component Designator: Old Designator=X218 New Designator=X?
Change Component Designator: Old Designator=X219 New Designator=X?
Change Component Designator: Old Designator=X220 New Designator=X?
Change Component Designator: Old Designator=X221 New Designator=X?
Change Component Designator: Old Designator=X222 New Designator=X?
Change Component Designator: Old Designator=X223 New Designator=X?
Change Component Designator: Old Designator=X224 New Designator=X?
Change Component Designator: Old Designator=X225 New Designator=X?
Change Component Designator: Old Designator=X226 New Designator=X?
Change Component Designator: Old Designator=X227 New Designator=X?
Change Component Designator: Old Designator=X228 New Designator=X?
Change Component Designator: Old Designator=XP11 New Designator=XP?
Change Component Designator: Old Designator=XP12 New Designator=XP?
Change Component Designator: Old Designator=XS1 New Designator=XS?
Change Component Designator: Old Designator=XS1 New Designator=XS?
