Change Component Designator: Old Designator=D? New Designator=D3
Change Component Designator: Old Designator=N? New Designator=N1
Change Component Designator: Old Designator=N? New Designator=N2
Change Component Designator: Old Designator=N? New Designator=N3
Change Component Designator: Old Designator=N? New Designator=N4
Change Component Designator: Old Designator=N? New Designator=N5
Change Component Designator: Old Designator=N? New Designator=N6
Change Component Designator: Old Designator=N? New Designator=N7
Change Component Designator: Old Designator=N? New Designator=N8
Change Component Designator: Old Designator=N? New Designator=N9
Change Component Designator: Old Designator=N? New Designator=N10
Change Component Designator: Old Designator=N? New Designator=N11
Change Component Designator: Old Designator=N? New Designator=N12
Change Component Designator: Old Designator=N? New Designator=N13
Change Component Designator: Old Designator=N? New Designator=N14
Change Component Designator: Old Designator=N? New Designator=N15
Change Component Designator: Old Designator=N? New Designator=N16
Change Component Designator: Old Designator=N? New Designator=N17
Change Component Designator: Old Designator=N? New Designator=N18
Change Component Designator: Old Designator=N? New Designator=N19
Change Component Designator: Old Designator=N? New Designator=N20
Change Component Designator: Old Designator=N? New Designator=N21
Change Component Designator: Old Designator=N? New Designator=N22
Change Component Designator: Old Designator=N? New Designator=N23
Change Component Designator: Old Designator=N? New Designator=N24
Change Component Designator: Old Designator=N? New Designator=N25
Change Component Designator: Old Designator=N? New Designator=N26
Change Component Designator: Old Designator=N? New Designator=N27
Change Component Designator: Old Designator=N? New Designator=N28
Change Component Designator: Old Designator=N? New Designator=N29
Change Component Designator: Old Designator=N? New Designator=N30
Change Component Designator: Old Designator=N? New Designator=N31
Change Component Designator: Old Designator=N? New Designator=N32
Change Component Designator: Old Designator=N? New Designator=N33
Change Component Designator: Old Designator=N? New Designator=N34
Change Component Designator: Old Designator=N? New Designator=N35
Change Component Designator: Old Designator=N? New Designator=N36
Change Component Designator: Old Designator=N? New Designator=N37
Change Component Designator: Old Designator=N? New Designator=N38
Change Component Designator: Old Designator=N? New Designator=N39
Change Component Designator: Old Designator=N? New Designator=N40
Change Component Designator: Old Designator=N? New Designator=N41
Change Component Designator: Old Designator=N? New Designator=N42
Change Component Designator: Old Designator=N? New Designator=N43
Change Component Designator: Old Designator=N? New Designator=N44
Change Component Designator: Old Designator=N? New Designator=N45
Change Component Designator: Old Designator=N? New Designator=N46
Change Component Designator: Old Designator=N? New Designator=N47
Change Component Designator: Old Designator=N? New Designator=N48
Change Component Designator: Old Designator=N? New Designator=N49
Change Component Designator: Old Designator=N? New Designator=N50
Change Component Designator: Old Designator=N? New Designator=N51
Change Component Designator: Old Designator=N? New Designator=N52
Change Component Designator: Old Designator=N? New Designator=N53
Change Component Designator: Old Designator=N? New Designator=N54
Change Component Designator: Old Designator=N? New Designator=N55
Change Component Designator: Old Designator=N? New Designator=N56
Change Component Designator: Old Designator=N? New Designator=N57
Change Component Designator: Old Designator=N? New Designator=N58
Change Component Designator: Old Designator=N? New Designator=N59
Change Component Designator: Old Designator=N? New Designator=N60
Change Component Designator: Old Designator=N? New Designator=N61
Change Component Designator: Old Designator=N? New Designator=N62
Change Component Designator: Old Designator=N? New Designator=N63
Change Component Designator: Old Designator=N? New Designator=N64
Change Component Designator: Old Designator=N? New Designator=N65
Change Component Designator: Old Designator=N? New Designator=N66
Change Component Designator: Old Designator=N? New Designator=N67
Change Component Designator: Old Designator=N? New Designator=N68
Change Component Designator: Old Designator=N? New Designator=N69
Change Component Designator: Old Designator=N? New Designator=N70
Change Component Designator: Old Designator=N? New Designator=N71
Change Component Designator: Old Designator=N? New Designator=N72
Change Component Designator: Old Designator=N? New Designator=N73
Change Component Designator: Old Designator=N? New Designator=N74
Change Component Designator: Old Designator=N? New Designator=N75
Change Component Designator: Old Designator=N? New Designator=N76
Change Component Designator: Old Designator=N? New Designator=N77
Change Component Designator: Old Designator=N? New Designator=N78
Change Component Designator: Old Designator=N? New Designator=N79
Change Component Designator: Old Designator=N? New Designator=N80
Change Component Designator: Old Designator=R? New Designator=R29
Change Component Designator: Old Designator=R? New Designator=R30
Change Component Designator: Old Designator=R? New Designator=R31
Change Component Designator: Old Designator=R? New Designator=R32
Change Component Designator: Old Designator=R? New Designator=R33
Change Component Designator: Old Designator=R? New Designator=R34
Change Component Designator: Old Designator=X? New Designator=X218
Change Component Designator: Old Designator=X? New Designator=X219
Change Component Designator: Old Designator=X? New Designator=X220
Change Component Designator: Old Designator=X? New Designator=X221
Change Component Designator: Old Designator=X? New Designator=X222
Change Component Designator: Old Designator=X? New Designator=X223
Change Component Designator: Old Designator=X? New Designator=X224
Change Component Designator: Old Designator=X? New Designator=X225
Change Component Designator: Old Designator=X? New Designator=X226
Change Component Designator: Old Designator=X? New Designator=X227
Change Component Designator: Old Designator=X? New Designator=X228
Change Component Designator: Old Designator=XP? New Designator=XP15
Change Component Designator: Old Designator=XP? New Designator=XP16
Change Component Designator: Old Designator=XS? New Designator=XS1
Change Component Designator: Old Designator=XS? New Designator=XS1
