Change Component Designator: Old Designator=C? New Designator=C96
Change Component Designator: Old Designator=C? New Designator=C97
Change Component Designator: Old Designator=C? New Designator=C98
Change Component Designator: Old Designator=C? New Designator=C99
Change Component Designator: Old Designator=C? New Designator=C100
Change Component Designator: Old Designator=C? New Designator=C101
Change Component Designator: Old Designator=C? New Designator=C102
Change Component Designator: Old Designator=C? New Designator=C103
Change Component Designator: Old Designator=C? New Designator=C104
Change Component Designator: Old Designator=C? New Designator=C105
Change Component Designator: Old Designator=C? New Designator=C106
Change Component Designator: Old Designator=C? New Designator=C107
Change Component Designator: Old Designator=C? New Designator=C108
Change Component Designator: Old Designator=C? New Designator=C109
Change Component Designator: Old Designator=C? New Designator=C110
Change Component Designator: Old Designator=C? New Designator=C111
Change Component Designator: Old Designator=C? New Designator=C112
Change Component Designator: Old Designator=C? New Designator=C113
Change Component Designator: Old Designator=C? New Designator=C114
Change Component Designator: Old Designator=D? New Designator=D2
Change Component Designator: Old Designator=DA? New Designator=DA1
Change Component Designator: Old Designator=DA? New Designator=DA2
Change Component Designator: Old Designator=DD? New Designator=DD1
Change Component Designator: Old Designator=DD? New Designator=DD2
Change Component Designator: Old Designator=DD? New Designator=DD3
Change Component Designator: Old Designator=K? New Designator=K1
Change Component Designator: Old Designator=R? New Designator=R1
Change Component Designator: Old Designator=R? New Designator=R2
Change Component Designator: Old Designator=R? New Designator=R3
Change Component Designator: Old Designator=R? New Designator=R4
Change Component Designator: Old Designator=R? New Designator=R5
Change Component Designator: Old Designator=R? New Designator=R6
Change Component Designator: Old Designator=R? New Designator=R7
Change Component Designator: Old Designator=R? New Designator=R8
Change Component Designator: Old Designator=R? New Designator=R9
Change Component Designator: Old Designator=R? New Designator=R10
Change Component Designator: Old Designator=R? New Designator=R11
Change Component Designator: Old Designator=R? New Designator=R12
Change Component Designator: Old Designator=R? New Designator=R13
Change Component Designator: Old Designator=R? New Designator=R14
Change Component Designator: Old Designator=R? New Designator=R15
Change Component Designator: Old Designator=R? New Designator=R16
Change Component Designator: Old Designator=R? New Designator=R17
Change Component Designator: Old Designator=R? New Designator=R18
Change Component Designator: Old Designator=R? New Designator=R19
Change Component Designator: Old Designator=R? New Designator=R20
Change Component Designator: Old Designator=R? New Designator=R21
Change Component Designator: Old Designator=R? New Designator=R22
Change Component Designator: Old Designator=R? New Designator=R23
Change Component Designator: Old Designator=R? New Designator=R24
Change Component Designator: Old Designator=R? New Designator=R25
Change Component Designator: Old Designator=R? New Designator=R26
Change Component Designator: Old Designator=R? New Designator=R27
Change Component Designator: Old Designator=R? New Designator=R28
Change Component Designator: Old Designator=R? New Designator=R29
Change Component Designator: Old Designator=VD? New Designator=VD2
Change Component Designator: Old Designator=VD? New Designator=VD3
Change Component Designator: Old Designator=VD? New Designator=VD4
Change Component Designator: Old Designator=VT? New Designator=VT1
Change Component Designator: Old Designator=VT? New Designator=VT2
Change Component Designator: Old Designator=VT? New Designator=VT3
Change Component Designator: Old Designator=VT? New Designator=VT4
Change Component Designator: Old Designator=VT? New Designator=VT5
Change Component Designator: Old Designator=VT? New Designator=VT6
Change Component Designator: Old Designator=Ò? New Designator=Ò1
Change Component Designator: Old Designator=Ò? New Designator=Ò2
